demo/build/outputs/logs/manifest-merger-debug-report.txt
-- Merging decision tree log ---
manifest
ADDED from nim_demo\demo\AndroidManifest.xml:2:1-459:12
	package
		ADDED from nim_demo\demo\AndroidManifest.xml:2:11-44
	android:versionName
		ADDED from nim_demo\demo\AndroidManifest.xml:6:11-38
		INJECTED from nim_demo\demo\AndroidManifest.xml
		INJECTED from nim_demo\demo\AndroidManifest.xml
	android:versionCode
		ADDED from nim_demo\demo\AndroidManifest.xml:5:11-35
		INJECTED from nim_demo\demo\AndroidManifest.xml
		INJECTED from nim_demo\demo\AndroidManifest.xml
	xmlns:android
		ADDED from nim_demo\demo\AndroidManifest.xml:3:11-69
	android:installLocation
		ADDED from nim_demo\demo\AndroidManifest.xml:4:11-41
uses-permission#android.permission.INTERNET
ADDED from nim_demo\demo\AndroidManifest.xml:10:5-66
	android:name
		ADDED from nim_demo\demo\AndroidManifest.xml:10:22-64
uses-permission#android.permission.ACCESS_NETWORK_STATE
ADDED from nim_demo\demo\AndroidManifest.xml:11:5-78
	android:name
		ADDED from nim_demo\demo\AndroidManifest.xml:11:22-76
uses-permission#android.permission.ACCESS_WIFI_STATE
ADDED from nim_demo\demo\AndroidManifest.xml:12:5-75
	android:name
		ADDED from nim_demo\demo\AndroidManifest.xml:12:22-73
uses-permission#android.permission.CHANGE_WIFI_STATE
ADDED from nim_demo\demo\AndroidManifest.xml:13:5-75
	android:name
		ADDED from nim_demo\demo\AndroidManifest.xml:13:22-73
uses-permission#android.permission.ACCESS_FINE_LOCATION
ADDED from nim_demo\demo\AndroidManifest.xml:14:5-78
	android:name
		ADDED from nim_demo\demo\AndroidManifest.xml:14:22-76
uses-permission#android.permission.ACCESS_COARSE_LOCATION
ADDED from nim_demo\demo\AndroidManifest.xml:15:5-80
	android:name
		ADDED from nim_demo\demo\AndroidManifest.xml:15:22-78
uses-permission#android.permission.WRITE_SETTINGS
ADDED from nim_demo\demo\AndroidManifest.xml:16:5-72
	android:name
		ADDED from nim_demo\demo\AndroidManifest.xml:16:22-70
uses-permission#android.permission.GET_TASKS
ADDED from nim_demo\demo\AndroidManifest.xml:19:5-67
	android:name
		ADDED from nim_demo\demo\AndroidManifest.xml:19:22-65
uses-permission#android.permission.FLASHLIGHT
ADDED from nim_demo\demo\AndroidManifest.xml:20:5-68
	android:name
		ADDED from nim_demo\demo\AndroidManifest.xml:20:22-66
uses-permission#android.permission.VIBRATE
ADDED from nim_demo\demo\AndroidManifest.xml:21:5-65
	android:name
		ADDED from nim_demo\demo\AndroidManifest.xml:21:22-63
uses-permission#android.permission.WAKE_LOCK
ADDED from nim_demo\demo\AndroidManifest.xml:22:5-67
	android:name
		ADDED from nim_demo\demo\AndroidManifest.xml:22:22-65
uses-permission#android.permission.BLUETOOTH
ADDED from nim_demo\demo\AndroidManifest.xml:23:5-67
	android:name
		ADDED from nim_demo\demo\AndroidManifest.xml:23:22-65
uses-permission#android.permission.BLUETOOTH_ADMIN
ADDED from nim_demo\demo\AndroidManifest.xml:24:5-73
	android:name
		ADDED from nim_demo\demo\AndroidManifest.xml:24:22-71
uses-permission#android.permission.CHANGE_CONFIGURATION
ADDED from nim_demo\demo\AndroidManifest.xml:25:5-78
	android:name
		ADDED from nim_demo\demo\AndroidManifest.xml:25:22-76
uses-permission#android.permission.MODIFY_AUDIO_SETTINGS
ADDED from nim_demo\demo\AndroidManifest.xml:26:5-79
	android:name
		ADDED from nim_demo\demo\AndroidManifest.xml:26:22-77
uses-permission#android.permission.READ_EXTERNAL_STORAGE
ADDED from nim_demo\demo\AndroidManifest.xml:29:5-79
	android:name
		ADDED from nim_demo\demo\AndroidManifest.xml:29:22-77
uses-permission#android.permission.WRITE_EXTERNAL_STORAGE
ADDED from nim_demo\demo\AndroidManifest.xml:30:5-80
	android:name
		ADDED from nim_demo\demo\AndroidManifest.xml:30:22-78
uses-permission#android.permission.CAMERA
ADDED from nim_demo\demo\AndroidManifest.xml:33:5-64
	android:name
		ADDED from nim_demo\demo\AndroidManifest.xml:33:22-62
uses-permission#android.permission.RECORD_AUDIO
ADDED from nim_demo\demo\AndroidManifest.xml:34:5-70
	android:name
		ADDED from nim_demo\demo\AndroidManifest.xml:34:22-68
uses-permission#android.permission.READ_PHONE_STATE
ADDED from nim_demo\demo\AndroidManifest.xml:35:5-74
	android:name
		ADDED from nim_demo\demo\AndroidManifest.xml:35:22-72
permission#com.netease.nim.HelloMe.permission.RECEIVE_MSG
ADDED from nim_demo\demo\AndroidManifest.xml:39:5-41:46
	android:protectionLevel
		ADDED from nim_demo\demo\AndroidManifest.xml:41:9-44
	android:name
		ADDED from nim_demo\demo\AndroidManifest.xml:40:9-70
uses-permission#com.netease.nim.demo.permission.RECEIVE_MSG
ADDED from nim_demo\demo\AndroidManifest.xml:44:5-82
	android:name
		ADDED from nim_demo\demo\AndroidManifest.xml:44:22-80
permission#com.netease.nim.HelloMe.permission.MIPUSH_RECEIVE
ADDED from nim_demo\demo\AndroidManifest.xml:47:5-49:46
	android:protectionLevel
		ADDED from nim_demo\demo\AndroidManifest.xml:49:9-44
	android:name
		ADDED from nim_demo\demo\AndroidManifest.xml:48:9-73
uses-permission#com.netease.nim.demo.permission.MIPUSH_RECEIVE
ADDED from nim_demo\demo\AndroidManifest.xml:50:5-85
	android:name
		ADDED from nim_demo\demo\AndroidManifest.xml:50:22-83
application
ADDED from nim_demo\demo\AndroidManifest.xml:52:5-457:19
MERGED from [nim_demo:uikit:unspecified] AndroidManifest.xml:9:5-141:19
MERGED from [com.android.support:design:23.3.0] AndroidManifest.xml:22:5-20
MERGED from [com.android.support:appcompat-v7:23.3.0] AndroidManifest.xml:25:5-20
MERGED from [com.android.support:animated-vector-drawable:23.3.0] AndroidManifest.xml:7:5-20
MERGED from [com.android.support:support-vector-drawable:23.3.0] AndroidManifest.xml:7:5-20
MERGED from [com.android.support:support-v4:23.3.0] AndroidManifest.xml:22:5-20
MERGED from [com.netease.nimlib:jsbridge:1.3.1] AndroidManifest.xml:11:5-15:19
	android:label
		ADDED from nim_demo\demo\AndroidManifest.xml:56:9-41
	android:supportsRtl
		ADDED from [com.netease.nimlib:jsbridge:1.3.1] AndroidManifest.xml:14:9-35
	android:allowBackup
		ADDED from nim_demo\demo\AndroidManifest.xml:54:9-35
	android:icon
		ADDED from nim_demo\demo\AndroidManifest.xml:55:9-41
	android:theme
		ADDED from nim_demo\demo\AndroidManifest.xml:57:9-52
	android:name
		ADDED from nim_demo\demo\AndroidManifest.xml:53:9-62
meta-data#com.amap.api.v2.apikey
ADDED from nim_demo\demo\AndroidManifest.xml:60:9-62:42
	android:value
		ADDED from nim_demo\demo\AndroidManifest.xml:62:13-40
		INJECTED from nim_demo\demo\AndroidManifest.xml
	android:name
		ADDED from nim_demo\demo\AndroidManifest.xml:61:13-50
meta-data#com.netease.nim.appKey
ADDED from nim_demo\demo\AndroidManifest.xml:64:9-66:54
	android:value
		ADDED from nim_demo\demo\AndroidManifest.xml:66:4-52
	android:name
		ADDED from nim_demo\demo\AndroidManifest.xml:65:13-50
uses-library#com.google.android.maps
ADDED from nim_demo\demo\AndroidManifest.xml:68:9-70:39
	android:required
		ADDED from nim_demo\demo\AndroidManifest.xml:70:13-37
	android:name
		ADDED from nim_demo\demo\AndroidManifest.xml:69:13-51
activity#com.netease.nim.HelloMe.main.activity.WelcomeActivity
ADDED from nim_demo\demo\AndroidManifest.xml:73:9-88:20
	android:screenOrientation
		ADDED from nim_demo\demo\AndroidManifest.xml:79:13-49
	android:label
		ADDED from nim_demo\demo\AndroidManifest.xml:77:13-45
	android:hardwareAccelerated
		ADDED from nim_demo\demo\AndroidManifest.xml:76:13-47
	android:launchMode
		ADDED from nim_demo\demo\AndroidManifest.xml:78:13-43
	android:windowSoftInputMode
		ADDED from nim_demo\demo\AndroidManifest.xml:81:13-52
	android:configChanges
		ADDED from nim_demo\demo\AndroidManifest.xml:75:13-63
	android:theme
		ADDED from nim_demo\demo\AndroidManifest.xml:80:13-65
	android:name
		ADDED from nim_demo\demo\AndroidManifest.xml:74:13-81
intent-filter#android.intent.action.MAIN+android.intent.category.LAUNCHER+android.intent.category.MULTIWINDOW_LAUNCHER
ADDED from nim_demo\demo\AndroidManifest.xml:82:13-87:29
action#android.intent.action.MAIN
ADDED from nim_demo\demo\AndroidManifest.xml:83:17-68
	android:name
		ADDED from nim_demo\demo\AndroidManifest.xml:83:25-66
category#android.intent.category.LAUNCHER
ADDED from nim_demo\demo\AndroidManifest.xml:85:17-76
	android:name
		ADDED from nim_demo\demo\AndroidManifest.xml:85:27-74
category#android.intent.category.MULTIWINDOW_LAUNCHER
ADDED from nim_demo\demo\AndroidManifest.xml:86:17-88
	android:name
		ADDED from nim_demo\demo\AndroidManifest.xml:86:27-86
activity#com.netease.nim.HelloMe.main.activity.MainActivity
ADDED from nim_demo\demo\AndroidManifest.xml:91:9-98:64
	android:screenOrientation
		ADDED from nim_demo\demo\AndroidManifest.xml:96:13-49
	android:hardwareAccelerated
		ADDED from nim_demo\demo\AndroidManifest.xml:94:13-47
	android:launchMode
		ADDED from nim_demo\demo\AndroidManifest.xml:95:13-43
	android:windowSoftInputMode
		ADDED from nim_demo\demo\AndroidManifest.xml:98:13-52
	android:configChanges
		ADDED from nim_demo\demo\AndroidManifest.xml:93:13-63
	android:theme
		ADDED from nim_demo\demo\AndroidManifest.xml:97:13-56
	android:name
		ADDED from nim_demo\demo\AndroidManifest.xml:92:13-78
activity#com.netease.nim.HelloMe.main.activity.MultiportActivity
ADDED from nim_demo\demo\AndroidManifest.xml:101:9-106:79
	android:screenOrientation
		ADDED from nim_demo\demo\AndroidManifest.xml:104:13-49
	android:windowSoftInputMode
		ADDED from nim_demo\demo\AndroidManifest.xml:106:13-67
	android:configChanges
		ADDED from nim_demo\demo\AndroidManifest.xml:103:13-63
	android:theme
		ADDED from nim_demo\demo\AndroidManifest.xml:105:13-56
	android:name
		ADDED from nim_demo\demo\AndroidManifest.xml:102:13-83
activity#com.netease.nim.HelloMe.login.LoginActivity
ADDED from nim_demo\demo\AndroidManifest.xml:109:9-115:69
	android:screenOrientation
		ADDED from nim_demo\demo\AndroidManifest.xml:113:13-49
	android:label
		ADDED from nim_demo\demo\AndroidManifest.xml:112:13-42
	android:windowSoftInputMode
		ADDED from nim_demo\demo\AndroidManifest.xml:115:13-67
	android:configChanges
		ADDED from nim_demo\demo\AndroidManifest.xml:111:13-48
	android:theme
		ADDED from nim_demo\demo\AndroidManifest.xml:114:13-46
	android:name
		ADDED from nim_demo\demo\AndroidManifest.xml:110:13-71
activity#com.netease.nim.HelloMe.main.activity.AboutActivity
ADDED from nim_demo\demo\AndroidManifest.xml:118:9-124:74
	android:screenOrientation
		ADDED from nim_demo\demo\AndroidManifest.xml:122:13-49
	android:label
		ADDED from nim_demo\demo\AndroidManifest.xml:121:13-42
	android:windowSoftInputMode
		ADDED from nim_demo\demo\AndroidManifest.xml:124:13-72
	android:configChanges
		ADDED from nim_demo\demo\AndroidManifest.xml:120:13-48
	android:theme
		ADDED from nim_demo\demo\AndroidManifest.xml:123:13-56
	android:name
		ADDED from nim_demo\demo\AndroidManifest.xml:119:13-79
activity#com.netease.nim.HelloMe.main.activity.SettingsActivity
ADDED from nim_demo\demo\AndroidManifest.xml:126:9-131:62
	android:screenOrientation
		ADDED from nim_demo\demo\AndroidManifest.xml:129:13-49
	android:windowSoftInputMode
		ADDED from nim_demo\demo\AndroidManifest.xml:131:13-60
	android:configChanges
		ADDED from nim_demo\demo\AndroidManifest.xml:128:13-48
	android:theme
		ADDED from nim_demo\demo\AndroidManifest.xml:130:13-56
	android:name
		ADDED from nim_demo\demo\AndroidManifest.xml:127:13-82
activity#com.netease.nim.HelloMe.main.activity.NoDisturbActivity
ADDED from nim_demo\demo\AndroidManifest.xml:133:9-138:74
	android:screenOrientation
		ADDED from nim_demo\demo\AndroidManifest.xml:136:13-49
	android:windowSoftInputMode
		ADDED from nim_demo\demo\AndroidManifest.xml:138:13-72
	android:configChanges
		ADDED from nim_demo\demo\AndroidManifest.xml:135:13-48
	android:theme
		ADDED from nim_demo\demo\AndroidManifest.xml:137:13-56
	android:name
		ADDED from nim_demo\demo\AndroidManifest.xml:134:13-83
activity#com.netease.nim.HelloMe.contact.activity.AddFriendActivity
ADDED from nim_demo\demo\AndroidManifest.xml:140:9-145:74
	android:screenOrientation
		ADDED from nim_demo\demo\AndroidManifest.xml:143:13-49
	android:windowSoftInputMode
		ADDED from nim_demo\demo\AndroidManifest.xml:145:13-72
	android:configChanges
		ADDED from nim_demo\demo\AndroidManifest.xml:142:13-48
	android:theme
		ADDED from nim_demo\demo\AndroidManifest.xml:144:13-56
	android:name
		ADDED from nim_demo\demo\AndroidManifest.xml:141:13-86
activity#com.netease.nim.HelloMe.contact.activity.UserProfileActivity
ADDED from nim_demo\demo\AndroidManifest.xml:147:9-152:74
	android:screenOrientation
		ADDED from nim_demo\demo\AndroidManifest.xml:150:13-49
	android:windowSoftInputMode
		ADDED from nim_demo\demo\AndroidManifest.xml:152:13-72
	android:configChanges
		ADDED from nim_demo\demo\AndroidManifest.xml:149:13-48
	android:theme
		ADDED from nim_demo\demo\AndroidManifest.xml:151:13-56
	android:name
		ADDED from nim_demo\demo\AndroidManifest.xml:148:13-88
activity#com.netease.nim.HelloMe.contact.activity.UserProfileSettingActivity
ADDED from nim_demo\demo\AndroidManifest.xml:154:9-159:74
	android:screenOrientation
		ADDED from nim_demo\demo\AndroidManifest.xml:157:13-49
	android:windowSoftInputMode
		ADDED from nim_demo\demo\AndroidManifest.xml:159:13-72
	android:configChanges
		ADDED from nim_demo\demo\AndroidManifest.xml:156:13-48
	android:theme
		ADDED from nim_demo\demo\AndroidManifest.xml:158:13-56
	android:name
		ADDED from nim_demo\demo\AndroidManifest.xml:155:13-95
activity#com.netease.nim.HelloMe.contact.activity.UserProfileEditItemActivity
ADDED from nim_demo\demo\AndroidManifest.xml:161:9-166:74
	android:screenOrientation
		ADDED from nim_demo\demo\AndroidManifest.xml:164:13-49
	android:windowSoftInputMode
		ADDED from nim_demo\demo\AndroidManifest.xml:166:13-72
	android:configChanges
		ADDED from nim_demo\demo\AndroidManifest.xml:163:13-48
	android:theme
		ADDED from nim_demo\demo\AndroidManifest.xml:165:13-56
	android:name
		ADDED from nim_demo\demo\AndroidManifest.xml:162:13-96
activity#com.netease.nim.HelloMe.contact.activity.BlackListActivity
ADDED from nim_demo\demo\AndroidManifest.xml:168:9-173:74
	android:screenOrientation
		ADDED from nim_demo\demo\AndroidManifest.xml:171:13-49
	android:windowSoftInputMode
		ADDED from nim_demo\demo\AndroidManifest.xml:173:13-72
	android:configChanges
		ADDED from nim_demo\demo\AndroidManifest.xml:170:13-48
	android:theme
		ADDED from nim_demo\demo\AndroidManifest.xml:172:13-56
	android:name
		ADDED from nim_demo\demo\AndroidManifest.xml:169:13-86
activity#com.netease.nim.HelloMe.file.browser.FileBrowserActivity
ADDED from nim_demo\demo\AndroidManifest.xml:176:9-182:74
	android:screenOrientation
		ADDED from nim_demo\demo\AndroidManifest.xml:180:13-49
	android:label
		ADDED from nim_demo\demo\AndroidManifest.xml:179:13-49
	android:windowSoftInputMode
		ADDED from nim_demo\demo\AndroidManifest.xml:182:13-72
	android:configChanges
		ADDED from nim_demo\demo\AndroidManifest.xml:178:13-48
	android:theme
		ADDED from nim_demo\demo\AndroidManifest.xml:181:13-56
	android:name
		ADDED from nim_demo\demo\AndroidManifest.xml:177:13-84
activity#com.netease.nim.HelloMe.main.activity.SystemMessageActivity
ADDED from nim_demo\demo\AndroidManifest.xml:184:9-189:69
	android:screenOrientation
		ADDED from nim_demo\demo\AndroidManifest.xml:187:13-49
	android:windowSoftInputMode
		ADDED from nim_demo\demo\AndroidManifest.xml:189:13-67
	android:configChanges
		ADDED from nim_demo\demo\AndroidManifest.xml:186:13-63
	android:theme
		ADDED from nim_demo\demo\AndroidManifest.xml:188:13-56
	android:name
		ADDED from nim_demo\demo\AndroidManifest.xml:185:13-87
activity#com.netease.nim.HelloMe.main.activity.CustomNotificationActivity
ADDED from nim_demo\demo\AndroidManifest.xml:190:9-195:69
	android:screenOrientation
		ADDED from nim_demo\demo\AndroidManifest.xml:193:13-49
	android:windowSoftInputMode
		ADDED from nim_demo\demo\AndroidManifest.xml:195:13-67
	android:configChanges
		ADDED from nim_demo\demo\AndroidManifest.xml:192:13-63
	android:theme
		ADDED from nim_demo\demo\AndroidManifest.xml:194:13-56
	android:name
		ADDED from nim_demo\demo\AndroidManifest.xml:191:13-92
activity#com.netease.nim.HelloMe.session.activity.MessageHistoryActivity
ADDED from nim_demo\demo\AndroidManifest.xml:196:9-201:69
	android:screenOrientation
		ADDED from nim_demo\demo\AndroidManifest.xml:199:13-49
	android:windowSoftInputMode
		ADDED from nim_demo\demo\AndroidManifest.xml:201:13-67
	android:configChanges
		ADDED from nim_demo\demo\AndroidManifest.xml:198:13-63
	android:theme
		ADDED from nim_demo\demo\AndroidManifest.xml:200:13-56
	android:name
		ADDED from nim_demo\demo\AndroidManifest.xml:197:13-91
activity#com.netease.nim.HelloMe.session.activity.MessageInfoActivity
ADDED from nim_demo\demo\AndroidManifest.xml:202:9-207:69
	android:screenOrientation
		ADDED from nim_demo\demo\AndroidManifest.xml:205:13-49
	android:windowSoftInputMode
		ADDED from nim_demo\demo\AndroidManifest.xml:207:13-67
	android:configChanges
		ADDED from nim_demo\demo\AndroidManifest.xml:204:13-63
	android:theme
		ADDED from nim_demo\demo\AndroidManifest.xml:206:13-56
	android:name
		ADDED from nim_demo\demo\AndroidManifest.xml:203:13-88
activity#com.netease.nim.HelloMe.team.activity.AdvancedTeamSearchActivity
ADDED from nim_demo\demo\AndroidManifest.xml:209:9-214:69
	android:screenOrientation
		ADDED from nim_demo\demo\AndroidManifest.xml:212:13-49
	android:windowSoftInputMode
		ADDED from nim_demo\demo\AndroidManifest.xml:214:13-67
	android:configChanges
		ADDED from nim_demo\demo\AndroidManifest.xml:211:13-63
	android:theme
		ADDED from nim_demo\demo\AndroidManifest.xml:213:13-56
	android:name
		ADDED from nim_demo\demo\AndroidManifest.xml:210:13-92
activity#com.netease.nim.HelloMe.team.activity.AdvancedTeamJoinActivity
ADDED from nim_demo\demo\AndroidManifest.xml:216:9-221:69
	android:screenOrientation
		ADDED from nim_demo\demo\AndroidManifest.xml:219:13-49
	android:windowSoftInputMode
		ADDED from nim_demo\demo\AndroidManifest.xml:221:13-67
	android:configChanges
		ADDED from nim_demo\demo\AndroidManifest.xml:218:13-63
	android:theme
		ADDED from nim_demo\demo\AndroidManifest.xml:220:13-56
	android:name
		ADDED from nim_demo\demo\AndroidManifest.xml:217:13-90
activity#com.netease.nim.HelloMe.main.activity.TeamListActivity
ADDED from nim_demo\demo\AndroidManifest.xml:223:9-228:66
	android:screenOrientation
		ADDED from nim_demo\demo\AndroidManifest.xml:226:13-49
	android:windowSoftInputMode
		ADDED from nim_demo\demo\AndroidManifest.xml:228:13-64
	android:configChanges
		ADDED from nim_demo\demo\AndroidManifest.xml:225:13-63
	android:theme
		ADDED from nim_demo\demo\AndroidManifest.xml:227:13-56
	android:name
		ADDED from nim_demo\demo\AndroidManifest.xml:224:13-82
activity#com.netease.nim.HelloMe.main.activity.GlobalSearchActivity
ADDED from nim_demo\demo\AndroidManifest.xml:231:9-236:71
	android:screenOrientation
		ADDED from nim_demo\demo\AndroidManifest.xml:234:13-49
	android:windowSoftInputMode
		ADDED from nim_demo\demo\AndroidManifest.xml:236:13-59
	android:configChanges
		ADDED from nim_demo\demo\AndroidManifest.xml:233:13-63
	android:theme
		ADDED from nim_demo\demo\AndroidManifest.xml:235:13-52
	android:name
		ADDED from nim_demo\demo\AndroidManifest.xml:232:13-86
activity#com.netease.nim.HelloMe.main.activity.GlobalSearchDetailActivity
ADDED from nim_demo\demo\AndroidManifest.xml:238:9-242:68
	android:screenOrientation
		ADDED from nim_demo\demo\AndroidManifest.xml:241:13-49
	android:configChanges
		ADDED from nim_demo\demo\AndroidManifest.xml:240:13-63
	android:theme
		ADDED from nim_demo\demo\AndroidManifest.xml:242:13-56
	android:name
		ADDED from nim_demo\demo\AndroidManifest.xml:239:13-92
activity#com.netease.nim.HelloMe.main.activity.GlobalSearchDetailActivity2
ADDED from nim_demo\demo\AndroidManifest.xml:244:9-248:68
	android:screenOrientation
		ADDED from nim_demo\demo\AndroidManifest.xml:247:13-49
	android:configChanges
		ADDED from nim_demo\demo\AndroidManifest.xml:246:13-63
	android:theme
		ADDED from nim_demo\demo\AndroidManifest.xml:248:13-56
	android:name
		ADDED from nim_demo\demo\AndroidManifest.xml:245:13-93
activity#com.netease.nim.HelloMe.session.activity.WatchSnapChatPictureActivity
ADDED from nim_demo\demo\AndroidManifest.xml:251:9-254:58
	android:configChanges
		ADDED from nim_demo\demo\AndroidManifest.xml:253:13-51
	android:theme
		ADDED from nim_demo\demo\AndroidManifest.xml:254:13-56
	android:name
		ADDED from nim_demo\demo\AndroidManifest.xml:252:13-97
activity#com.netease.nim.HelloMe.session.activity.FileDownloadActivity
ADDED from nim_demo\demo\AndroidManifest.xml:257:9-259:58
	android:configChanges
		ADDED from nim_demo\demo\AndroidManifest.xml:258:13-51
	android:theme
		ADDED from nim_demo\demo\AndroidManifest.xml:259:13-56
	android:name
		ADDED from nim_demo\demo\AndroidManifest.xml:257:19-95
activity#com.netease.nim.HelloMe.location.activity.LocationAmapActivity
ADDED from nim_demo\demo\AndroidManifest.xml:262:9-267:58
	android:screenOrientation
		ADDED from nim_demo\demo\AndroidManifest.xml:266:13-49
	android:label
		ADDED from nim_demo\demo\AndroidManifest.xml:265:13-49
	android:configChanges
		ADDED from nim_demo\demo\AndroidManifest.xml:264:13-63
	android:theme
		ADDED from nim_demo\demo\AndroidManifest.xml:267:13-56
	android:name
		ADDED from nim_demo\demo\AndroidManifest.xml:263:13-90
activity#com.netease.nim.HelloMe.location.activity.NavigationAmapActivity
ADDED from nim_demo\demo\AndroidManifest.xml:268:9-273:58
	android:screenOrientation
		ADDED from nim_demo\demo\AndroidManifest.xml:272:13-49
	android:label
		ADDED from nim_demo\demo\AndroidManifest.xml:271:13-54
	android:configChanges
		ADDED from nim_demo\demo\AndroidManifest.xml:270:13-63
	android:theme
		ADDED from nim_demo\demo\AndroidManifest.xml:273:13-56
	android:name
		ADDED from nim_demo\demo\AndroidManifest.xml:269:13-92
activity#com.netease.nim.HelloMe.avchat.activity.AVChatActivity
ADDED from nim_demo\demo\AndroidManifest.xml:276:9-281:62
	android:screenOrientation
		ADDED from nim_demo\demo\AndroidManifest.xml:279:13-49
	android:launchMode
		ADDED from nim_demo\demo\AndroidManifest.xml:278:13-48
	android:windowSoftInputMode
		ADDED from nim_demo\demo\AndroidManifest.xml:281:13-60
	android:theme
		ADDED from nim_demo\demo\AndroidManifest.xml:280:13-51
	android:name
		ADDED from nim_demo\demo\AndroidManifest.xml:277:13-82
activity#com.netease.nim.HelloMe.rts.activity.RTSActivity
ADDED from nim_demo\demo\AndroidManifest.xml:284:9-289:62
	android:screenOrientation
		ADDED from nim_demo\demo\AndroidManifest.xml:287:13-49
	android:launchMode
		ADDED from nim_demo\demo\AndroidManifest.xml:286:13-48
	android:windowSoftInputMode
		ADDED from nim_demo\demo\AndroidManifest.xml:289:13-60
	android:theme
		ADDED from nim_demo\demo\AndroidManifest.xml:288:13-56
	android:name
		ADDED from nim_demo\demo\AndroidManifest.xml:285:13-76
activity#com.netease.nim.HelloMe.session.search.SearchMessageActivity
ADDED from nim_demo\demo\AndroidManifest.xml:292:9-297:71
	android:screenOrientation
		ADDED from nim_demo\demo\AndroidManifest.xml:295:13-49
	android:windowSoftInputMode
		ADDED from nim_demo\demo\AndroidManifest.xml:297:13-69
	android:configChanges
		ADDED from nim_demo\demo\AndroidManifest.xml:294:13-63
	android:theme
		ADDED from nim_demo\demo\AndroidManifest.xml:296:13-52
	android:name
		ADDED from nim_demo\demo\AndroidManifest.xml:293:13-88
activity#com.netease.nim.HelloMe.session.search.DisplayMessageActivity
ADDED from nim_demo\demo\AndroidManifest.xml:299:9-304:69
	android:screenOrientation
		ADDED from nim_demo\demo\AndroidManifest.xml:302:13-49
	android:windowSoftInputMode
		ADDED from nim_demo\demo\AndroidManifest.xml:304:13-67
	android:configChanges
		ADDED from nim_demo\demo\AndroidManifest.xml:301:13-63
	android:theme
		ADDED from nim_demo\demo\AndroidManifest.xml:303:13-56
	android:name
		ADDED from nim_demo\demo\AndroidManifest.xml:300:13-89
activity#com.netease.nim.HelloMe.chatroom.activity.ChatRoomActivity
ADDED from nim_demo\demo\AndroidManifest.xml:307:9-311:69
	android:screenOrientation
		ADDED from nim_demo\demo\AndroidManifest.xml:309:13-49
	android:windowSoftInputMode
		ADDED from nim_demo\demo\AndroidManifest.xml:311:13-67
	android:theme
		ADDED from nim_demo\demo\AndroidManifest.xml:310:13-56
	android:name
		ADDED from nim_demo\demo\AndroidManifest.xml:308:13-86
activity#com.netease.nim.HelloMe.jsbridge.JsBridgeActivity
ADDED from nim_demo\demo\AndroidManifest.xml:313:9-318:74
	android:screenOrientation
		ADDED from nim_demo\demo\AndroidManifest.xml:316:13-49
	android:label
		ADDED from nim_demo\demo\AndroidManifest.xml:315:13-46
	android:windowSoftInputMode
		ADDED from nim_demo\demo\AndroidManifest.xml:318:13-72
	android:theme
		ADDED from nim_demo\demo\AndroidManifest.xml:317:13-56
	android:name
		ADDED from nim_demo\demo\AndroidManifest.xml:314:13-77
activity#com.netease.nim.HelloMe.avchat.activity.AVChatSettingsActivity
ADDED from nim_demo\demo\AndroidManifest.xml:321:9-323:51
	android:screenOrientation
		ADDED from nim_demo\demo\AndroidManifest.xml:323:13-49
	android:name
		ADDED from nim_demo\demo\AndroidManifest.xml:322:13-90
service#com.netease.nimlib.service.NimService
ADDED from nim_demo\demo\AndroidManifest.xml:326:9-328:38
	android:process
		ADDED from nim_demo\demo\AndroidManifest.xml:328:13-36
	android:name
		ADDED from nim_demo\demo\AndroidManifest.xml:327:13-65
service#com.netease.nimlib.service.NimService$Aux
ADDED from nim_demo\demo\AndroidManifest.xml:331:9-333:38
	android:process
		ADDED from nim_demo\demo\AndroidManifest.xml:333:13-36
	android:name
		ADDED from nim_demo\demo\AndroidManifest.xml:332:13-69
service#com.netease.nimlib.job.NIMJobService
ADDED from nim_demo\demo\AndroidManifest.xml:336:9-340:38
	android:process
		ADDED from nim_demo\demo\AndroidManifest.xml:340:13-36
	android:exported
		ADDED from nim_demo\demo\AndroidManifest.xml:338:13-36
	android:permission
		ADDED from nim_demo\demo\AndroidManifest.xml:339:13-69
	android:name
		ADDED from nim_demo\demo\AndroidManifest.xml:337:13-64
receiver#com.netease.nimlib.service.NimReceiver
ADDED from nim_demo\demo\AndroidManifest.xml:343:9-351:20
	android:process
		ADDED from nim_demo\demo\AndroidManifest.xml:346:13-36
	android:exported
		ADDED from nim_demo\demo\AndroidManifest.xml:345:13-37
	android:name
		ADDED from nim_demo\demo\AndroidManifest.xml:344:13-66
intent-filter#android.intent.action.BOOT_COMPLETED+android.net.conn.CONNECTIVITY_CHANGE
ADDED from nim_demo\demo\AndroidManifest.xml:347:13-350:29
action#android.intent.action.BOOT_COMPLETED
ADDED from nim_demo\demo\AndroidManifest.xml:348:17-78
	android:name
		ADDED from nim_demo\demo\AndroidManifest.xml:348:25-76
action#android.net.conn.CONNECTIVITY_CHANGE
ADDED from nim_demo\demo\AndroidManifest.xml:349:17-78
	android:name
		ADDED from nim_demo\demo\AndroidManifest.xml:349:25-76
receiver#com.netease.nimlib.service.ResponseReceiver
ADDED from nim_demo\demo\AndroidManifest.xml:354:9-79
	android:name
		ADDED from nim_demo\demo\AndroidManifest.xml:354:19-77
service#com.netease.nimlib.service.ResponseService
ADDED from nim_demo\demo\AndroidManifest.xml:357:9-77
	android:name
		ADDED from nim_demo\demo\AndroidManifest.xml:357:18-75
receiver#com.netease.nim.HelloMe.receiver.CustomNotificationReceiver
ADDED from nim_demo\demo\AndroidManifest.xml:361:9-368:20
	android:enabled
		ADDED from nim_demo\demo\AndroidManifest.xml:363:13-35
	android:exported
		ADDED from nim_demo\demo\AndroidManifest.xml:364:13-37
	android:name
		ADDED from nim_demo\demo\AndroidManifest.xml:362:13-87
intent-filter#com.netease.nim.demo.ACTION.RECEIVE_CUSTOM_NOTIFICATION
ADDED from nim_demo\demo\AndroidManifest.xml:365:13-367:29
action#com.netease.nim.demo.ACTION.RECEIVE_CUSTOM_NOTIFICATION
ADDED from nim_demo\demo\AndroidManifest.xml:366:17-97
	android:name
		ADDED from nim_demo\demo\AndroidManifest.xml:366:25-95
receiver#com.netease.nimlib.receiver.RTSBroadcastReceiver
ADDED from nim_demo\demo\AndroidManifest.xml:371:9-378:20
	android:enabled
		ADDED from nim_demo\demo\AndroidManifest.xml:373:13-35
	android:exported
		ADDED from nim_demo\demo\AndroidManifest.xml:374:13-37
	android:name
		ADDED from nim_demo\demo\AndroidManifest.xml:372:13-76
intent-filter#com.netease.nim.demo.ACTION.RECEIVE_RTS_NOTIFICATION
ADDED from nim_demo\demo\AndroidManifest.xml:375:13-377:29
action#com.netease.nim.demo.ACTION.RECEIVE_RTS_NOTIFICATION
ADDED from nim_demo\demo\AndroidManifest.xml:376:17-94
	android:name
		ADDED from nim_demo\demo\AndroidManifest.xml:376:25-92
receiver#com.netease.nim.HelloMe.avchat.receiver.IncomingCallReceiver
ADDED from nim_demo\demo\AndroidManifest.xml:382:9-386:20
	android:name
		ADDED from nim_demo\demo\AndroidManifest.xml:382:19-94
intent-filter#android.intent.action.PHONE_STATE
ADDED from nim_demo\demo\AndroidManifest.xml:383:13-385:29
action#android.intent.action.PHONE_STATE
ADDED from nim_demo\demo\AndroidManifest.xml:384:17-75
	android:name
		ADDED from nim_demo\demo\AndroidManifest.xml:384:25-73
service#com.netease.cosine.core.CosineService
ADDED from nim_demo\demo\AndroidManifest.xml:389:9-391:49
	android:process
		ADDED from nim_demo\demo\AndroidManifest.xml:391:13-38
	android:name
		ADDED from nim_demo\demo\AndroidManifest.xml:390:13-65
receiver#com.netease.cosine.target.CosineReceiver
ADDED from nim_demo\demo\AndroidManifest.xml:393:9-396:50
	android:process
		ADDED from nim_demo\demo\AndroidManifest.xml:396:13-38
	android:exported
		ADDED from nim_demo\demo\AndroidManifest.xml:395:13-36
	android:name
		ADDED from nim_demo\demo\AndroidManifest.xml:394:13-68
meta-data#com.netease.cosine.target
ADDED from nim_demo\demo\AndroidManifest.xml:399:9-401:31
	android:value
		ADDED from nim_demo\demo\AndroidManifest.xml:401:13-29
	android:name
		ADDED from nim_demo\demo\AndroidManifest.xml:400:13-53
meta-data#com.netease.cosine.target.receiver
ADDED from nim_demo\demo\AndroidManifest.xml:402:9-404:69
	android:value
		ADDED from nim_demo\demo\AndroidManifest.xml:404:13-67
	android:name
		ADDED from nim_demo\demo\AndroidManifest.xml:403:13-62
service#com.xiaomi.push.service.XMJobService
ADDED from nim_demo\demo\AndroidManifest.xml:408:9-413:41
	android:enabled